
> @actions/io@1.1.3 tsc
> tsc

src/io-util.ts(1,21): error TS2307: Cannot find module 'fs' or its corresponding type declarations.
src/io-util.ts(2,23): error TS2307: Cannot find module 'path' or its corresponding type declarations.
src/io-util.ts(20,27): error TS2580: Cannot find name 'process'. Do you need to install type definitions for node? Try `npm i --save-dev @types/node`.
src/io-util.ts(171,7): error TS2580: Cannot find name 'process'. Do you need to install type definitions for node? Try `npm i --save-dev @types/node`.
src/io-util.ts(172,21): error TS2580: Cannot find name 'process'. Do you need to install type definitions for node? Try `npm i --save-dev @types/node`.
src/io-util.ts(174,7): error TS2580: Cannot find name 'process'. Do you need to install type definitions for node? Try `npm i --save-dev @types/node`.
src/io-util.ts(175,21): error TS2580: Cannot find name 'process'. Do you need to install type definitions for node? Try `npm i --save-dev @types/node`.
src/io-util.ts(181,10): error TS2580: Cannot find name 'process'. Do you need to install type definitions for node? Try `npm i --save-dev @types/node`.
src/io.ts(1,18): error TS2307: Cannot find module 'assert' or its corresponding type declarations.
src/io.ts(2,23): error TS2307: Cannot find module 'path' or its corresponding type declarations.
src/io.ts(200,28): error TS2580: Cannot find name 'process'. Do you need to install type definitions for node? Try `npm i --save-dev @types/node`.
src/io.ts(201,29): error TS2580: Cannot find name 'process'. Do you need to install type definitions for node? Try `npm i --save-dev @types/node`.
src/io.ts(232,7): error TS2580: Cannot find name 'process'. Do you need to install type definitions for node? Try `npm i --save-dev @types/node`.
src/io.ts(233,21): error TS2580: Cannot find name 'process'. Do you need to install type definitions for node? Try `npm i --save-dev @types/node`.
